info @storybook/react v6.4.22
info 
info => Cleaning outputDir: C:\\Users\\SJS\\AppData\\Local\\Temp\\chromatic--7704-WITHaTW4J7xp
(node:2252) DeprecationWarning: --static-dir CLI flag is deprecated, see:

https://github.com/storybookjs/storybook/blob/next/MIGRATION.md#deprecated---static-dir-cli-flag
(Use `node --trace-deprecation ...` to show where the warning was created)
info => Loading presets
info Found existing addon "@storybook/addon-controls", skipping.
info Found existing addon "@storybook/addon-actions", skipping.
info => Copying static files: ./public => ./
info => Compiling manager..
info => Compiling preview..
info => Loading Webpack configuration from `node_modules\react-scripts`
info => Removing existing JavaScript and TypeScript rules.
info => Modifying Create React App rules.
info => Using default Webpack5 setup
<s> [webpack.Progress] 0% 

<s> [webpack.Progress] 1% setup before run
<s> [webpack.Progress] 1% setup before run NodeEnvironmentPlugin
<s> [webpack.Progress] 1% setup before run
<s> [webpack.Progress] 2% setup run
<s> [webpack.Progress] 2% setup run ForkTsCheckerWebpackPlugin
<s> [webpack.Progress] 2% setup run ESLintWebpackPlugin_1
<s> [webpack.Progress] 2% setup run
<s> [webpack.Progress] 4% setup normal module factory
<s> [webpack.Progress] 4% setup normal module factory CaseSensitivePathsPlugin
<s> [webpack.Progress] 4% setup normal module factory ModuleNotFoundPlugin
<s> [webpack.Progress] 4% setup normal module factory IgnorePlugin
<s> [webpack.Progress] 4% setup normal module factory
<s> [webpack.Progress] 5% setup context module factory
<s> [webpack.Progress] 5% setup context module factory IgnorePlugin
<s> [webpack.Progress] 5% setup context module factory
<s> [webpack.Progress] 6% setup before compile
<s> [webpack.Progress] 6% setup before compile ProgressPlugin
<s> [webpack.Progress] 6% setup before compile
<s> [webpack.Progress] 7% setup compile
<s> [webpack.Progress] 7% setup compile ExternalsPlugin
<s> [webpack.Progress] 7% setup compile
<s> [webpack.Progress] 8% setup compilation
<s> [webpack.Progress] 8% setup compilation mini-css-extract-plugin
<s> [webpack.Progress] 8% setup compilation ArrayPushCallbackChunkFormatPlugin
<s> [webpack.Progress] 8% setup compilation JsonpChunkLoadingPlugin
<s> [webpack.Progress] 8% setup compilation StartupChunkDependenciesPlugin
<s> [webpack.Progress] 8% setup compilation ImportScriptsChunkLoadingPlugin
<s> [webpack.Progress] 8% setup compilation FetchCompileWasmPlugin
<s> [webpack.Progress] 8% setup compilation FetchCompileAsyncWasmPlugin
<s> [webpack.Progress] 8% setup compilation WorkerPlugin
<s> [webpack.Progress] 8% setup compilation SplitChunksPlugin
<s> [webpack.Progress] 8% setup compilation RuntimeChunkPlugin
<s> [webpack.Progress] 8% setup compilation ResolverCachePlugin
<s> [webpack.Progress] 8% setup compilation HtmlWebpackPlugin
<s> [webpack.Progress] 8% setup compilation
<s> [webpack.Progress] 9% setup compilation
<s> [webpack.Progress] 9% setup compilation DefinePlugin
<s> [webpack.Progress] 9% setup compilation ProvidePlugin
<s> [webpack.Progress] 9% setup compilation ProgressPlugin
<s> [webpack.Progress] 9% setup compilation InlineChunkHtmlPlugin
<s> [webpack.Progress] 9% setup compilation InterpolateHtmlPlugin
<s> [webpack.Progress] 9% setup compilation mini-css-extract-plugin
<s> [webpack.Progress] 9% setup compilation ForkTsCheckerWebpackPlugin
<s> [webpack.Progress] 9% setup compilation DocGenPlugin
<s> [webpack.Progress] 9% setup compilation ChunkPrefetchPreloadPlugin
<s> [webpack.Progress] 9% setup compilation SourceMapDevToolPlugin
<s> [webpack.Progress] 9% setup compilation JavascriptModulesPlugin
<s> [webpack.Progress] 9% setup compilation JsonModulesPlugin
<s> [webpack.Progress] 9% setup compilation AssetModulesPlugin
<s> [webpack.Progress] 9% setup compilation EntryPlugin
<s> [webpack.Progress] 9% setup compilation EntryPlugin
<s> [webpack.Progress] 9% setup compilation EntryPlugin
<s> [webpack.Progress] 9% setup compilation EntryPlugin
<s> [webpack.Progress] 9% setup compilation EntryPlugin
<s> [webpack.Progress] 9% setup compilation EntryPlugin
<s> [webpack.Progress] 9% setup compilation EntryPlugin
<s> [webpack.Progress] 9% setup compilation EntryPlugin
<s> [webpack.Progress] 9% setup compilation EntryPlugin
<s> [webpack.Progress] 9% setup compilation EntryPlugin
<s> [webpack.Progress] 9% setup compilation EntryPlugin
<s> [webpack.Progress] 9% setup compilation EntryPlugin
<s> [webpack.Progress] 9% setup compilation EntryPlugin
<s> [webpack.Progress] 9% setup compilation EntryPlugin
<s> [webpack.Progress] 9% setup compilation EntryPlugin
<s> [webpack.Progress] 9% setup compilation EntryPlugin
<s> [webpack.Progress] 9% setup compilation RuntimePlugin
<s> [webpack.Progress] 9% setup compilation InferAsyncModulesPlugin
<s> [webpack.Progress] 9% setup compilation DataUriPlugin
<s> [webpack.Progress] 9% setup compilation FileUriPlugin
<s> [webpack.Progress] 9% setup compilation CompatibilityPlugin
<s> [webpack.Progress] 9% setup compilation HarmonyModulesPlugin
<s> [webpack.Progress] 9% setup compilation AMDPlugin
<s> [webpack.Progress] 9% setup compilation RequireJsStuffPlugin
<s> [webpack.Progress] 9% setup compilation CommonJsPlugin
<s> [webpack.Progress] 9% setup compilation LoaderPlugin
<s> [webpack.Progress] 9% setup compilation LoaderPlugin
<s> [webpack.Progress] 9% setup compilation NodeStuffPlugin
<s> [webpack.Progress] 9% setup compilation APIPlugin
<s> [webpack.Progress] 9% setup compilation ExportsInfoApiPlugin
<s> [webpack.Progress] 9% setup compilation WebpackIsIncludedPlugin
<s> [webpack.Progress] 9% setup compilation ConstPlugin
<s> [webpack.Progress] 9% setup compilation UseStrictPlugin
<s> [webpack.Progress] 9% setup compilation RequireIncludePlugin
<s> [webpack.Progress] 9% setup compilation RequireEnsurePlugin
<s> [webpack.Progress] 9% setup compilation RequireContextPlugin
<s> [webpack.Progress] 9% setup compilation ImportPlugin
<s> [webpack.Progress] 9% setup compilation RequireContextPlugin
<s> [webpack.Progress] 9% setup compilation SystemPlugin
<s> [webpack.Progress] 9% setup compilation ImportMetaPlugin
<s> [webpack.Progress] 9% setup compilation URLPlugin
<s> [webpack.Progress] 9% setup compilation DefaultStatsFactoryPlugin
<s> [webpack.Progress] 9% setup compilation DefaultStatsPresetPlugin
<s> [webpack.Progress] 9% setup compilation DefaultStatsPrinterPlugin
<s> [webpack.Progress] 9% setup compilation JavascriptMetaInfoPlugin
<s> [webpack.Progress] 9% setup compilation EnsureChunkConditionsPlugin
<s> [webpack.Progress] 9% setup compilation RemoveEmptyChunksPlugin
<s> [webpack.Progress] 9% setup compilation MergeDuplicateChunksPlugin
<s> [webpack.Progress] 9% setup compilation FlagIncludedChunksPlugin
<s> [webpack.Progress] 9% setup compilation SideEffectsFlagPlugin
<s> [webpack.Progress] 9% setup compilation FlagDependencyExportsPlugin
<s> [webpack.Progress] 9% setup compilation FlagDependencyUsagePlugin
<s> [webpack.Progress] 9% setup compilation InnerGraphPlugin
<s> [webpack.Progress] 9% setup compilation MangleExportsPlugin
<s> [webpack.Progress] 9% setup compilation ModuleConcatenationPlugin
<s> [webpack.Progress] 9% setup compilation NoEmitOnErrorsPlugin
<s> [webpack.Progress] 9% setup compilation RealContentHashPlugin
<s> [webpack.Progress] 9% setup compilation WasmFinalizeExportsPlugin
<s> [webpack.Progress] 9% setup compilation NamedModuleIdsPlugin
<s> [webpack.Progress] 9% setup compilation DeterministicChunkIdsPlugin
<s> [webpack.Progress] 9% setup compilation DefinePlugin
<s> [webpack.Progress] 9% setup compilation TerserPlugin
<s> [webpack.Progress] 9% setup compilation TemplatedPathPlugin
<s> [webpack.Progress] 9% setup compilation RecordIdsPlugin
<s> [webpack.Progress] 9% setup compilation WarnCaseSensitiveModulesPlugin
<s> [webpack.Progress] 9% setup compilation IgnoreWarningsPlugin
<s> [webpack.Progress] 9% setup compilation ESLintWebpackPlugin_1
<s> [webpack.Progress] 9% setup compilation
<s> [webpack.Progress] 10% building
<s> [webpack.Progress] 10% building 0/1 entries 0/0 dependencies 0/0 modules
WARN Expected '@storybook/addon-actions' (or '@storybook/addon-essentials') to be listed before '@storybook/addon-interactions' in main Storybook config.
<s> [webpack.Progress] 10% building import loader ./node_modules/babel-loader/lib/index.js
<s> [webpack.Progress] 10% building import loader ./node_modules/source-map-loader/dist/cjs.js
<s> [webpack.Progress] 10% building 0/16 entries 6/21 dependencies 0/5 modules
<s> [webpack.Progress] 10% building 0/16 entries 19/22 dependencies 0/18 modules
<s> [webpack.Progress] 10% building 0/16 entries 34/136 dependencies 2/31 modules
<s> [webpack.Progress] 10% building import loader ./node_modules/@storybook/source-loader/dist/cjs/index.js
<s> [webpack.Progress] 10% building 0/16 entries 90/149 dependencies 2/85 modules
<s> [webpack.Progress] 10% building 0/16 entries 108/149 dependencies 3/101 modules
<s> [webpack.Progress] 10% building 0/16 entries 147/221 dependencies 5/105 modules
<s> [webpack.Progress] 10% building 0/16 entries 188/300 dependencies 5/125 modules
<s> [webpack.Progress] 10% building 0/16 entries 500/597 dependencies 5/245 modules
<s> [webpack.Progress] 10% building import loader ./node_modules/@storybook/addon-docs/node_modules/@mdx-js/loader/index.js
<s> [webpack.Progress] 10% building 0/16 entries 545/597 dependencies 5/275 modules
<s> [webpack.Progress] 10% building 0/16 entries 658/826 dependencies 10/307 modules
<s> [webpack.Progress] 13% building 1/16 entries 661/841 dependencies 13/307 modules
<s> [webpack.Progress] 13% building import loader ./node_modules/@svgr/webpack/lib/index.js
<s> [webpack.Progress] 13% building import loader ./node_modules/file-loader/dist/cjs.js
<s> [webpack.Progress] 13% building 1/16 entries 789/842 dependencies 14/357 modules
<s> [webpack.Progress] 13% building 1/16 entries 843/869 dependencies 15/394 modules
<s> [webpack.Progress] 13% building 1/16 entries 859/900 dependencies 21/397 modules
<s> [webpack.Progress] 13% building 1/16 entries 1100/1177 dependencies 32/457 modules
<s> [webpack.Progress] 13% building 1/16 entries 1268/1346 dependencies 46/490 modules
<s> [webpack.Progress] 13% building 1/16 entries 1572/1600 dependencies 65/536 modules
<s> [webpack.Progress] 13% building import loader ./node_modules/mini-css-extract-plugin/dist/loader.js
<s> [webpack.Progress] 13% building import loader ./node_modules/react-scripts/node_modules/css-loader/dist/cjs.js
<s> [webpack.Progress] 13% building import loader ./node_modules/react-scripts/node_modules/postcss-loader/dist/cjs.js
<s> [webpack.Progress] 13% building import loader ./node_modules/resolve-url-loader/index.js
<s> [webpack.Progress] 13% building import loader ./node_modules/sass-loader/dist/cjs.js
<s> [webpack.Progress] 13% building 1/16 entries 2137/2185 dependencies 144/601 modules
<s> [webpack.Progress] 13% building 1/16 entries 2284/2420 dependencies 200/650 modules
<s> [webpack.Progress] 13% building 1/16 entries 2449/2500 dependencies 252/709 modules
<s> [webpack.Progress] 13% building 1/16 entries 2700/2868 dependencies 294/725 modules
<s> [webpack.Progress] 13% building 1/16 entries 2845/2900 dependencies 304/751 modules
<s> [webpack.Progress] 13% building 1/16 entries 2900/2997 dependencies 336/754 modules
<s> [webpack.Progress] 13% building 1/16 entries 3100/3253 dependencies 346/791 modules
<s> [webpack.Progress] 14% building 1/16 entries 3315/3500 dependencies 398/823 modules
<s> [webpack.Progress] 17% building 1/16 entries 3650/3900 dependencies 646/937 modules
<s> [webpack.Progress] 17% building 1/16 entries 3900/4036 dependencies 678/952 modules
<s> [webpack.Progress] 18% building 1/16 entries 4278/4400 dependencies 756/1058 modules
<s> [webpack.Progress] 20% building 1/16 entries 4964/5038 dependencies 933/1300 modules
<s> [webpack.Progress] 23% building 1/16 entries 5754/5800 dependencies 1270/1445 modules
<s> [webpack.Progress] 25% building 2/16 entries 6148/6197 dependencies 1415/1523 modules
<s> [webpack.Progress] 25% building 3/16 entries 6148/6197 dependencies 1415/1523 modules
<s> [webpack.Progress] 25% building 4/16 entries 6148/6197 dependencies 1415/1523 modules
<s> [webpack.Progress] 27% building 5/16 entries 6148/6197 dependencies 1415/1523 modules
<s> [webpack.Progress] 30% building 6/16 entries 6148/6197 dependencies 1415/1523 modules
<s> [webpack.Progress] 34% building 7/16 entries 6148/6197 dependencies 1415/1523 modules
<s> [webpack.Progress] 37% building 8/16 entries 6148/6197 dependencies 1415/1523 modules
<s> [webpack.Progress] 40% building 9/16 entries 6148/6197 dependencies 1415/1523 modules
<s> [webpack.Progress] 44% building 10/16 entries 6148/6197 dependencies 1415/1523 modules
<s> [webpack.Progress] 47% building 11/16 entries 6148/6197 dependencies 1415/1523 modules
<s> [webpack.Progress] 51% building 12/16 entries 6148/6197 dependencies 1415/1523 modules
<s> [webpack.Progress] 51% building 12/16 entries 6169/6200 dependencies 1425/1530 modules
<s> [webpack.Progress] 54% building 13/16 entries 6393/6398 dependencies 1555/1593 modules
<s> [webpack.Progress] 58% building 14/16 entries 6393/6398 dependencies 1555/1593 modules
<s> [webpack.Progress] 61% building 15/16 entries 6404/6404 dependencies 1574/1598 modules
<s> [webpack.Progress] 64% building 16/16 entries 6405/6405 dependencies 1598/1598 modules
<s> [webpack.Progress] 65% building
<s> [webpack.Progress] 69% building finish
<s> [webpack.Progress] 69% building finish
<s> [webpack.Progress] 70% sealing finish module graph
<s> [webpack.Progress] 70% sealing finish module graph ResolverCachePlugin
<s> [webpack.Progress] 70% sealing finish module graph InferAsyncModulesPlugin
<s> [webpack.Progress] 70% sealing finish module graph FlagDependencyExportsPlugin
<s> [webpack.Progress] 70% sealing finish module graph InnerGraphPlugin
<s> [webpack.Progress] 70% sealing finish module graph WasmFinalizeExportsPlugin
<s> [webpack.Progress] 70% sealing finish module graph ESLintWebpackPlugin_1
<s> [webpack.Progress] 70% sealing finish module graph
<s> [webpack.Progress] 70% sealing plugins
<s> [webpack.Progress] 70% sealing plugins DocGenPlugin
<s> [webpack.Progress] 70% sealing plugins WarnCaseSensitiveModulesPlugin
<s> [webpack.Progress] 70% sealing plugins
<s> [webpack.Progress] 71% sealing dependencies optimization
<s> [webpack.Progress] 71% sealing dependencies optimization SideEffectsFlagPlugin
<s> [webpack.Progress] 71% sealing dependencies optimization FlagDependencyUsagePlugin
<s> [webpack.Progress] 71% sealing dependencies optimization
<s> [webpack.Progress] 71% sealing after dependencies optimization
<s> [webpack.Progress] 71% sealing after dependencies optimization
<s> [webpack.Progress] 72% sealing chunk graph
<s> [webpack.Progress] 72% sealing chunk graph
<s> [webpack.Progress] 73% sealing after chunk graph
<s> [webpack.Progress] 73% sealing after chunk graph
<s> [webpack.Progress] 73% sealing optimizing
<s> [webpack.Progress] 73% sealing optimizing
<s> [webpack.Progress] 74% sealing module optimization
<s> [webpack.Progress] 74% sealing module optimization
<s> [webpack.Progress] 75% sealing after module optimization
<s> [webpack.Progress] 75% sealing after module optimization
<s> [webpack.Progress] 75% sealing chunk optimization
<s> [webpack.Progress] 75% sealing chunk optimization EnsureChunkConditionsPlugin
<s> [webpack.Progress] 75% sealing chunk optimization RemoveEmptyChunksPlugin
<s> [webpack.Progress] 75% sealing chunk optimization MergeDuplicateChunksPlugin
<s> [webpack.Progress] 75% sealing chunk optimization SplitChunksPlugin
<s> [webpack.Progress] 75% sealing chunk optimization RemoveEmptyChunksPlugin
<s> [webpack.Progress] 75% sealing chunk optimization
<s> [webpack.Progress] 76% sealing after chunk optimization
<s> [webpack.Progress] 76% sealing after chunk optimization
<s> [webpack.Progress] 77% sealing module and chunk tree optimization
<s> [webpack.Progress] 77% sealing module and chunk tree optimization PersistentChildCompilerSingletonPlugin
<s> [webpack.Progress] 77% sealing module and chunk tree optimization
<s> [webpack.Progress] 77% sealing after module and chunk tree optimization
<s> [webpack.Progress] 77% sealing after module and chunk tree optimization
<s> [webpack.Progress] 78% sealing chunk modules optimization
<s> [webpack.Progress] 78% sealing chunk modules optimization ModuleConcatenationPlugin
<s> [webpack.Progress] 78% sealing chunk modules optimization
<s> [webpack.Progress] 78% sealing after chunk modules optimization
<s> [webpack.Progress] 78% sealing after chunk modules optimization
<s> [webpack.Progress] 79% sealing module reviving
<s> [webpack.Progress] 79% sealing module reviving RecordIdsPlugin
<s> [webpack.Progress] 79% sealing module reviving
<s> [webpack.Progress] 80% sealing before module ids
<s> [webpack.Progress] 80% sealing before module ids
<s> [webpack.Progress] 80% sealing module ids
<s> [webpack.Progress] 80% sealing module ids NamedModuleIdsPlugin
<s> [webpack.Progress] 80% sealing module ids
<s> [webpack.Progress] 81% sealing module id optimization
<s> [webpack.Progress] 81% sealing module id optimization
<s> [webpack.Progress] 82% sealing module id optimization
<s> [webpack.Progress] 82% sealing module id optimization
<s> [webpack.Progress] 82% sealing chunk reviving
<s> [webpack.Progress] 82% sealing chunk reviving RecordIdsPlugin
<s> [webpack.Progress] 82% sealing chunk reviving
<s> [webpack.Progress] 83% sealing before chunk ids
<s> [webpack.Progress] 83% sealing before chunk ids
<s> [webpack.Progress] 84% sealing chunk ids
<s> [webpack.Progress] 84% sealing chunk ids DeterministicChunkIdsPlugin
<s> [webpack.Progress] 84% sealing chunk ids
<s> [webpack.Progress] 84% sealing chunk id optimization
<s> [webpack.Progress] 84% sealing chunk id optimization FlagIncludedChunksPlugin
<s> [webpack.Progress] 84% sealing chunk id optimization
<s> [webpack.Progress] 85% sealing after chunk id optimization
<s> [webpack.Progress] 85% sealing after chunk id optimization
<s> [webpack.Progress] 86% sealing record modules
<s> [webpack.Progress] 86% sealing record modules RecordIdsPlugin
<s> [webpack.Progress] 86% sealing record modules
<s> [webpack.Progress] 86% sealing record chunks
<s> [webpack.Progress] 86% sealing record chunks RecordIdsPlugin
<s> [webpack.Progress] 86% sealing record chunks
<s> [webpack.Progress] 87% sealing module hashing
<s> [webpack.Progress] 87% sealing module hashing
<s> [webpack.Progress] 87% sealing code generation
<s> [webpack.Progress] 87% sealing code generation
<s> [webpack.Progress] 88% sealing runtime requirements
<s> [webpack.Progress] 88% sealing runtime requirements
<s> [webpack.Progress] 89% sealing hashing
<s> [webpack.Progress] 89% sealing hashing
<s> [webpack.Progress] 89% sealing after hashing
<s> [webpack.Progress] 89% sealing after hashing
<s> [webpack.Progress] 90% sealing record hash
<s> [webpack.Progress] 90% sealing record hash
<s> [webpack.Progress] 91% sealing module assets processing
<s> [webpack.Progress] 91% sealing module assets processing
<s> [webpack.Progress] 91% sealing chunk assets processing
<s> [webpack.Progress] 91% sealing chunk assets processing
<s> [webpack.Progress] 92% sealing asset processing
<s> [webpack.Progress] 92% sealing asset processing ESLintWebpackPlugin_1
<s> [webpack.Progress] 92% sealing asset processing PersistentChildCompilerSingletonPlugin
<s> [webpack.Progress] 92% sealing asset processing TerserPlugin
info => Manager built (54 s)
<s> [webpack.Progress] 92% sealing asset processing SourceMapDevToolPlugin
<s> [webpack.Progress] 92% sealing asset processing SourceMapDevToolPlugin
<s> [webpack.Progress] 92% sealing asset processing SourceMapDevToolPlugin static/css/main.a10be0c1.css generate SourceMap
<s> [webpack.Progress] 92% sealing asset processing SourceMapDevToolPlugin static/css/main.a10be0c1.css generated SourceMap
<s> [webpack.Progress] 92% sealing asset processing SourceMapDevToolPlugin main.1f6685fd.iframe.bundle.js generate SourceMap
<s> [webpack.Progress] 92% sealing asset processing SourceMapDevToolPlugin main.1f6685fd.iframe.bundle.js generated SourceMap
<s> [webpack.Progress] 92% sealing asset processing SourceMapDevToolPlugin runtime~main.386e8658.iframe.bundle.js generate SourceMap
<s> [webpack.Progress] 92% sealing asset processing SourceMapDevToolPlugin runtime~main.386e8658.iframe.bundle.js generated SourceMap
<s> [webpack.Progress] 92% sealing asset processing SourceMapDevToolPlugin 701.2d84d6c7.iframe.bundle.js generate SourceMap
<s> [webpack.Progress] 92% sealing asset processing SourceMapDevToolPlugin 701.2d84d6c7.iframe.bundle.js generated SourceMap
<s> [webpack.Progress] 92% sealing asset processing SourceMapDevToolPlugin 278.dceb2247.iframe.bundle.js generate SourceMap
<s> [webpack.Progress] 92% sealing asset processing SourceMapDevToolPlugin 278.dceb2247.iframe.bundle.js generated SourceMap
<s> [webpack.Progress] 92% sealing asset processing SourceMapDevToolPlugin 593.6261755a.iframe.bundle.js generate SourceMap
<s> [webpack.Progress] 92% sealing asset processing SourceMapDevToolPlugin 593.6261755a.iframe.bundle.js generated SourceMap
<s> [webpack.Progress] 92% sealing asset processing SourceMapDevToolPlugin 881.7eb21016.iframe.bundle.js generate SourceMap
<s> [webpack.Progress] 92% sealing asset processing SourceMapDevToolPlugin 881.7eb21016.iframe.bundle.js generated SourceMap
<s> [webpack.Progress] 92% sealing asset processing SourceMapDevToolPlugin 459.4d6089fc.iframe.bundle.js generate SourceMap
<s> [webpack.Progress] 92% sealing asset processing SourceMapDevToolPlugin 459.4d6089fc.iframe.bundle.js generated SourceMap
<s> [webpack.Progress] 92% sealing asset processing SourceMapDevToolPlugin 331.8939c656.iframe.bundle.js generate SourceMap
<s> [webpack.Progress] 92% sealing asset processing SourceMapDevToolPlugin 331.8939c656.iframe.bundle.js generated SourceMap
<s> [webpack.Progress] 92% sealing asset processing SourceMapDevToolPlugin 232.11dd22c8.iframe.bundle.js generate SourceMap
<s> [webpack.Progress] 92% sealing asset processing SourceMapDevToolPlugin 232.11dd22c8.iframe.bundle.js generated SourceMap
<s> [webpack.Progress] 92% sealing asset processing SourceMapDevToolPlugin resolve sources
<s> [webpack.Progress] 92% sealing asset processing SourceMapDevToolPlugin static/css/main.a10be0c1.css attach SourceMap
<s> [webpack.Progress] 92% sealing asset processing SourceMapDevToolPlugin static/css/main.a10be0c1.css attached SourceMap
<s> [webpack.Progress] 92% sealing asset processing SourceMapDevToolPlugin
<s> [webpack.Progress] 92% sealing asset processing SourceMapDevToolPlugin
<s> [webpack.Progress] 92% sealing asset processing SourceMapDevToolPlugin resolve sources
<s> [webpack.Progress] 92% sealing asset processing SourceMapDevToolPlugin
<s> [webpack.Progress] 92% sealing asset processing HtmlWebpackPlugin
<s> [webpack.Progress] 92% sealing asset processing HtmlWebpackPlugin
<s> [webpack.Progress] 92% sealing asset processing HtmlWebpackPlugin resolve sources
<s> [webpack.Progress] 92% sealing asset processing HtmlWebpackPlugin
<s> [webpack.Progress] 92% sealing asset processing RealContentHashPlugin
<s> [webpack.Progress] 92% sealing asset processing RealContentHashPlugin
<s> [webpack.Progress] 92% sealing asset processing RealContentHashPlugin main.dbb3728b.iframe.bundle.js generate SourceMap
<s> [webpack.Progress] 92% sealing asset processing RealContentHashPlugin main.dbb3728b.iframe.bundle.js generated SourceMap
<s> [webpack.Progress] 92% sealing asset processing RealContentHashPlugin runtime~main.a7f7296a.iframe.bundle.js generate SourceMap
<s> [webpack.Progress] 92% sealing asset processing RealContentHashPlugin runtime~main.a7f7296a.iframe.bundle.js generated SourceMap
<s> [webpack.Progress] 92% sealing asset processing RealContentHashPlugin 701.8b3a10f9.iframe.bundle.js generate SourceMap
<s> [webpack.Progress] 92% sealing asset processing RealContentHashPlugin 701.8b3a10f9.iframe.bundle.js generated SourceMap
<s> [webpack.Progress] 92% sealing asset processing RealContentHashPlugin 593.47844dea.iframe.bundle.js generate SourceMap
<s> [webpack.Progress] 92% sealing asset processing RealContentHashPlugin 593.47844dea.iframe.bundle.js generated SourceMap
<s> [webpack.Progress] 92% sealing asset processing RealContentHashPlugin 881.30249fd0.iframe.bundle.js generate SourceMap
<s> [webpack.Progress] 92% sealing asset processing RealContentHashPlugin 881.30249fd0.iframe.bundle.js generated SourceMap
<s> [webpack.Progress] 92% sealing asset processing RealContentHashPlugin 459.254c0aed.iframe.bundle.js generate SourceMap
<s> [webpack.Progress] 92% sealing asset processing RealContentHashPlugin 459.254c0aed.iframe.bundle.js generated SourceMap
<s> [webpack.Progress] 92% sealing asset processing RealContentHashPlugin 278.a6e13b47.iframe.bundle.js generate SourceMap
<s> [webpack.Progress] 92% sealing asset processing RealContentHashPlugin 278.a6e13b47.iframe.bundle.js generated SourceMap
<s> [webpack.Progress] 92% sealing asset processing RealContentHashPlugin 331.b4adf369.iframe.bundle.js generate SourceMap
<s> [webpack.Progress] 92% sealing asset processing RealContentHashPlugin 331.b4adf369.iframe.bundle.js generated SourceMap
<s> [webpack.Progress] 92% sealing asset processing RealContentHashPlugin 232.9b186e01.iframe.bundle.js generate SourceMap
<s> [webpack.Progress] 92% sealing asset processing RealContentHashPlugin 232.9b186e01.iframe.bundle.js generated SourceMap
<s> [webpack.Progress] 92% sealing asset processing RealContentHashPlugin resolve sources
<s> [webpack.Progress] 92% sealing asset processing RealContentHashPlugin
<s> [webpack.Progress] 92% sealing asset processing
<s> [webpack.Progress] 93% sealing after asset optimization
<s> [webpack.Progress] 93% sealing after asset optimization
<s> [webpack.Progress] 93% sealing recording
<s> [webpack.Progress] 93% sealing recording
<s> [webpack.Progress] 94% sealing after seal
<s> [webpack.Progress] 94% sealing after seal
<s> [webpack.Progress] 99% done plugins
<s> [webpack.Progress] 99% done plugins CaseSensitivePathsPlugin
<s> [webpack.Progress] 99% done plugins ForkTsCheckerWebpackPlugin
<s> [webpack.Progress] 99% done plugins
<s> [webpack.Progress] 99% 

<s> [webpack.Progress] 99% cache begin idle
<s> [webpack.Progress] 99% cache begin idle
<s> [webpack.Progress] 100% 

ERR! => Failed to build the preview
ERR! TS2307: Cannot find module './AboutUsLeftCustomDocs.mdx' or its corresponding type declarations.
ERR!     1 | import React from "react";
ERR!     2 | import { Meta, Story } from '@storybook/react';
ERR!   > 3 | import AboutUsLeftCustomDocs from './AboutUsLeftCustomDocs.mdx';
ERR!       |                                   ^^^^^^^^^^^^^^^^^^^^^^^^^^^^^
ERR!     4 |
ERR!     5 | import AboutUsLeft from "../../components/Banners/LeftPictureBanner";
ERR!     6 | import { AboutUsBlockProps } from 'CustomPropsTypes';
ERR! TS2307: Cannot find module './AboutUsRightCustomDocs.mdx' or its corresponding type declarations.
ERR!     1 | import React from "react";
ERR!     2 | import { Meta, Story } from '@storybook/react';
ERR!   > 3 | import AboutUsRightCustomDocs from './AboutUsRightCustomDocs.mdx'
ERR!       |                                    ^^^^^^^^^^^^^^^^^^^^^^^^^^^^^^
ERR!     4 |
ERR!     5 | import AboutUsRight from "../../components/Banners/RightPictureBanner";
ERR!     6 | import { AboutUsBlockProps } from 'CustomPropsTypes';
ERR! TS2307: Cannot find module './BreadcrumbsCustomDocs.mdx' or its corresponding type declarations.
ERR!     1 | import React from "react";
ERR!     2 | import { Meta, Story } from "@storybook/react";
ERR!   > 3 | import { BreadcrumbsCustomDocs } from './BreadcrumbsCustomDocs.mdx';
ERR!       |                                       ^^^^^^^^^^^^^^^^^^^^^^^^^^^^^
ERR!     4 |
ERR!     5 | import Breadcrumbs from "../components/Breadcrumbs/Breadcrumbs";
ERR!     6 | import { BreadcrumbsProps } from 'CustomPropsTypes';
ERR! TS2307: Cannot find module './StoreButtonCustomDocs.mdx' or its corresponding type declarations.
ERR!     1 | import React from 'react';
ERR!     2 | import { Story, Meta } from '@storybook/react';
ERR!   > 3 | import StoreButtonCustomDocs from './StoreButtonCustomDocs.mdx';
ERR!       |                                   ^^^^^^^^^^^^^^^^^^^^^^^^^^^^^
ERR!     4 |
ERR!     5 | import StoreButton from '../../components/Buttons/StoreButton';
ERR!     6 | import { StoreButtonProps } from 'CustomPropsTypes';
ERR! TS2307: Cannot find module './TurnOverButtonCustomDocs.mdx' or its corresponding type declarations.
ERR!     1 | import React from "react";
ERR!     2 | import { Story, Meta } from '@storybook/react';
ERR!   > 3 | import TurnOverButtonCustomDocs from './TurnOverButtonCustomDocs.mdx';
ERR!       |                                      ^^^^^^^^^^^^^^^^^^^^^^^^^^^^^^^^
ERR!     4 |
ERR!     5 | import TurnOverButton from "../../components/Buttons/TurnOverButton";
ERR!     6 | import { TurnOverButtonProps } from 'CustomPropsTypes';
ERR! TS2307: Cannot find module './CompaniesSectionCustomDocs.mdx' or its corresponding type declarations.
ERR!     1 | import React from "react";
ERR!     2 | import { Meta, Story } from "@storybook/react";
ERR!   > 3 | import CompaniesSectionCustomDocs from './CompaniesSectionCustomDocs.mdx';
ERR!       |                                        ^^^^^^^^^^^^^^^^^^^^^^^^^^^^^^^^^^
ERR!     4 |
ERR!     5 | import CompaniesSection from "../components/CompaniesSection/CompaniesSection";
ERR!     6 | import { CompaniesSectionProps } from 'CustomPropsTypes';
ERR! TS2307: Cannot find module './FooterMenuItemCustomTypes.mdx' or its corresponding type declarations.
ERR!     1 | import React from "react";
ERR!     2 | import { Meta, Story } from '@storybook/react';
ERR!   > 3 | import FooterMenuItemCustomTypes from './FooterMenuItemCustomTypes.mdx';
ERR!       |                                       ^^^^^^^^^^^^^^^^^^^^^^^^^^^^^^^^^
ERR!     4 |
ERR!     5 | import FooterMenuItem from "../../components/Footer/FooterMenuItem";
ERR!     6 | import { FooterMenuItemProps } from 'CustomPropsTypes';
ERR! TS2307: Cannot find module './FormItemTextCustomDocs.mdx' or its corresponding type declarations.
ERR!     1 | import React from "react";
ERR!     2 | import { Meta, Story } from "@storybook/react";
ERR!   > 3 | import FormItemTextCustomDocs from './FormItemTextCustomDocs.mdx';
ERR!       |                                    ^^^^^^^^^^^^^^^^^^^^^^^^^^^^^^
ERR!     4 |
ERR!     5 | import FormItemText from "../components/FormItem/FormItemText";
ERR!     6 | import { FormItemTextProps } from 'CustomPropsTypes';
ERR! TS2307: Cannot find module './PageTitleCustomDocs.mdx' or its corresponding type declarations.
ERR!     1 | import React from 'react';
ERR!     2 | import { Story, Meta } from '@storybook/react';
ERR!   > 3 | import PageTitleCustomDocs from './PageTitleCustomDocs.mdx';
ERR!       |                                 ^^^^^^^^^^^^^^^^^^^^^^^^^^^
ERR!     4 |
ERR!     5 | import PageTitle from '../components/PageTitle/PageTitle';
ERR!     6 | import { PageTitleProps } from 'CustomPropsTypes';
ERR! TS2307: Cannot find module './ProductItemCustomDocs.mdx' or its corresponding type declarations.
ERR!     1 | import React from "react";
ERR!     2 | import { Story, Meta } from '@storybook/react';
ERR!   > 3 | import ProductItemCustomDocs from './ProductItemCustomDocs.mdx';
ERR!       |                                   ^^^^^^^^^^^^^^^^^^^^^^^^^^^^^
ERR!     4 |
ERR!     5 | import ProductItem from "../../components/CatalogItem/ProductItem";
ERR!     6 | import CatalogProductsList from "../../components/Catalog/CatalogProductsList";
ERR! TS2307: Cannot find module './ProductSectionCustomDocs.mdx' or its corresponding type declarations.
ERR!     1 | import React from 'react';
ERR!     2 | import { Meta, Story } from '@storybook/react';
ERR!   > 3 | import ProductSectionCustomDocs from './ProductSectionCustomDocs.mdx';
ERR!       |                                      ^^^^^^^^^^^^^^^^^^^^^^^^^^^^^^^^
ERR!     4 |
ERR!     5 | import ProductSection from '../../components/CatalogSections/ProductsSection';
ERR!     6 | import { ProductsSectionProps } from 'CustomPropsTypes';
ERR! TS2307: Cannot find module './CatlogItemHorizontalCustomDocs.mdx' or its corresponding type declarations.
ERR!     1 | import React from "react";
ERR!     2 | import { Story, Meta } from "@storybook/react";
ERR!   > 3 | import CatlogItemHorizontalCustomDocs from './CatlogItemHorizontalCustomDocs.mdx';
ERR!       |                                            ^^^^^^^^^^^^^^^^^^^^^^^^^^^^^^^^^^^^^^
ERR!     4 |
ERR!     5 | import CatlogItemHorizontal from "../../components/CatalogItem/CatlogItemHorizontal";
ERR!     6 | import { CatlogItemHorizontalProps } from 'CustomPropsTypes';
ERR! TS2307: Cannot find module './ProductItemCustomDocs.mdx' or its corresponding type declarations.
ERR!     1 | import React from "react";
ERR!     2 | import { Story, Meta } from '@storybook/react';
ERR!   > 3 | import ProductItemCustomDocs from './ProductItemCustomDocs.mdx';
ERR!       |                                   ^^^^^^^^^^^^^^^^^^^^^^^^^^^^^
ERR!     4 |
ERR!     5 | import ProductItem from "../../components/CatalogItem/ProductItem";
ERR!     6 | import { ProductItemProps } from 'CustomPropsTypes';
ERR! TS2307: Cannot find module './HoverMenuCustomDocs.mdx' or its corresponding type declarations.
ERR!     1 | import React from "react";
ERR!     2 | import { Meta, Story } from '@storybook/react';
ERR!   > 3 | import HoverMenuCustomDocs from './HoverMenuCustomDocs.mdx';
ERR!       |                                 ^^^^^^^^^^^^^^^^^^^^^^^^^^^
ERR!     4 |
ERR!     5 | import HoverMenu from "../../components/HoverMenu/HoverMenu";
ERR!     6 | import { HoverMenuProps } from 'CustomPropsTypes';
ERR! TS2307: Cannot find module './MobileMenuCustomDocs.mdx' or its corresponding type declarations.
ERR!     1 | import React from "react";
ERR!     2 | import { Meta, Story } from '@storybook/react';
ERR!   > 3 | import MobileMenuCustomDocs from './MobileMenuCustomDocs.mdx';
ERR!       |                                  ^^^^^^^^^^^^^^^^^^^^^^^^^^^^
ERR!     4 |
ERR!     5 | import MobileMenu from "../../components/MobileMenu/MobileMenu";
ERR!     6 | import { MobileMenuProps } from "CustomPropsTypes";
ERR! TS2307: Cannot find module './MobileMenuItemCustomDocs.mdx' or its corresponding type declarations.
ERR!     1 | import React from "react";
ERR!     2 | import { Meta, Story } from '@storybook/react';
ERR!   > 3 | import MobileMenuItemCustomDocs from './MobileMenuItemCustomDocs.mdx';
ERR!       |                                      ^^^^^^^^^^^^^^^^^^^^^^^^^^^^^^^^
ERR!     4 |
ERR!     5 | import MobileMenuItem from "../../components/MobileMenu/MobileMenuItem";
ERR!     6 | import { MobileMenuItemProps } from 'CustomPropsTypes';
ERR! TS2307: Cannot find module './MultilevelMenuCustomDocs.mdx' or its corresponding type declarations.
ERR!     1 | import React from "react";
ERR!     2 | import { Meta, Story } from '@storybook/react';
ERR!   > 3 | import MultilevelMenuCustomDocs from './MultilevelMenuCustomDocs.mdx';
ERR!       |                                      ^^^^^^^^^^^^^^^^^^^^^^^^^^^^^^^^
ERR!     4 |
ERR!     5 | import MultilevelMenu from "../../components/MultilevelMenu/MultilevelMenu";
ERR!     6 | import { MultilevelMenuProps } from 'CustomPropsTypes';
ERR! TS2307: Cannot find module './SmallBasketCustomDocs.mdx' or its corresponding type declarations.
ERR!     1 | import React, { ReactElement } from "react";
ERR!     2 | import { Meta, Story } from '@storybook/react';
ERR!   > 3 | import SmallBasketCustomDocs from './SmallBasketCustomDocs.mdx';
ERR!       |                                   ^^^^^^^^^^^^^^^^^^^^^^^^^^^^^
ERR!     4 |
ERR!     5 | import SmallBasket from "../../components/TopMenuBasket/SmallBasket";
ERR!     6 | import { SmallBasketProps } from 'CustomPropsTypes';
ERR! TS2307: Cannot find module './SmallBasketItemCustomDocs.mdx' or its corresponding type declarations.
ERR!     1 | import React from "react";
ERR!     2 | import { Meta, Story } from '@storybook/react';
ERR!   > 3 | import SmallBasketItemCustomDocs from './SmallBasketItemCustomDocs.mdx';
ERR!       |                                       ^^^^^^^^^^^^^^^^^^^^^^^^^^^^^^^^^
ERR!     4 |
ERR!     5 | import SmallBasketItem from "../../components/TopMenuBasket/SmallBasketItem";
ERR!     6 | import { SmallBasketItemProps } from 'CustomPropsTypes';
ERR! TS2307: Cannot find module './TopMenuBasketCustomDocs.mdx' or its corresponding type declarations.
ERR!     1 | import React, { ReactElement } from "react";
ERR!     2 | import { Meta, Story } from '@storybook/react';
ERR!   > 3 | import TopMenuBasketCustomDocs from './TopMenuBasketCustomDocs.mdx';
ERR!       |                                     ^^^^^^^^^^^^^^^^^^^^^^^^^^^^^^^
ERR!     4 |
ERR!     5 | import TopMenuBasket from "../../components/TopMenuBasket/TopMenuBasket";
ERR!     6 | import { TopMenuBasketProps } from 'CustomPropsTypes';
ERR! TS2307: Cannot find module './TopMenuItemCustomDocs.mdx' or its corresponding type declarations.
ERR!     1 | import React from "react";
ERR!     2 | import { Meta, Story } from "@storybook/react";
ERR!   > 3 | import TopMenuItemCustomDocs from './TopMenuItemCustomDocs.mdx';
ERR!       |                                   ^^^^^^^^^^^^^^^^^^^^^^^^^^^^^
ERR!     4 |
ERR!     5 | import TopMenuItem from "../../components/TopMenu/TopMenuItem";
ERR!     6 | import { TopMenuItemProps } from 'CustomPropsTypes';
ERR! TS2307: Cannot find module './TopMenuNavigationCustomTypes.mdx' or its corresponding type declarations.
ERR!     1 | import React from "react";
ERR!     2 | import { Meta, Story } from "@storybook/react";
ERR!   > 3 | import TopMenuNavigationCustomTypes from './TopMenuNavigationCustomTypes.mdx';
ERR!       |                                          ^^^^^^^^^^^^^^^^^^^^^^^^^^^^^^^^^^^^
ERR!     4 |
ERR!     5 | import TopMenuNavigation from "../../components/TopMenu/TopMenuNavigation";
ERR!     6 | import { TopMenuNavigationProps } from 'CustomPropsTypes';
ERR! TS2307: Cannot find module './TopMenuSearchCustomDocs.mdx' or its corresponding type declarations.
ERR!     1 | import React from 'react';
ERR!     2 | import { Meta, Story } from '@storybook/react';
ERR!   > 3 | import TopMenuSearchCustomDocs from './TopMenuSearchCustomDocs.mdx';
ERR!       |                                     ^^^^^^^^^^^^^^^^^^^^^^^^^^^^^^^
ERR!     4 |
ERR!     5 | import TopMenuSearch from '../../components/TopMenu/TopMenuSearch';
ERR!     6 | import { TopMenuSearchProps } from 'CustomPropsTypes';
ERR! export 'BreadcrumbsCustomDocs' (imported as 'BreadcrumbsCustomDocs') was not found in './BreadcrumbsCustomDocs.mdx' (possible exports: default)
ERR! Module Warning (from ./node_modules/react-scripts/node_modules/postcss-loader/dist/cjs.js):
ERR! Warning
ERR! 
ERR! (1:748) autoprefixer: end value has mixed support, consider using flex-end instead
ERR! 
ERR! src\components\AccountTopMenu\MenuList.tsx
ERR!   Line 7:49:   The href attribute requires a valid value to be accessible. Provide a valid, navigable address as the href value. If you cannot provide a valid href, but still need the element to resemble a link, use a button and change it with appropriate styles. Learn more: https://github.com/jsx-eslint/eslint-plugin-jsx-a11y/blob/HEAD/docs/rules/anchor-is-valid.md  jsx-a11y/anchor-is-valid
ERR!   Line 8:49:   The href attribute requires a valid value to be accessible. Provide a valid, navigable address as the href value. If you cannot provide a valid href, but still need the element to resemble a link, use a button and change it with appropriate styles. Learn more: https://github.com/jsx-eslint/eslint-plugin-jsx-a11y/blob/HEAD/docs/rules/anchor-is-valid.md  jsx-a11y/anchor-is-valid
ERR!   Line 9:49:   The href attribute requires a valid value to be accessible. Provide a valid, navigable address as the href value. If you cannot provide a valid href, but still need the element to resemble a link, use a button and change it with appropriate styles. Learn more: https://github.com/jsx-eslint/eslint-plugin-jsx-a11y/blob/HEAD/docs/rules/anchor-is-valid.md  jsx-a11y/anchor-is-valid
ERR!   Line 10:49:  The href attribute requires a valid value to be accessible. Provide a valid, navigable address as the href value. If you cannot provide a valid href, but still need the element to resemble a link, use a button and change it with appropriate styles. Learn more: https://github.com/jsx-eslint/eslint-plugin-jsx-a11y/blob/HEAD/docs/rules/anchor-is-valid.md  jsx-a11y/anchor-is-valid
ERR!   Line 11:49:  The href attribute requires a valid value to be accessible. Provide a valid, navigable address as the href value. If you cannot provide a valid href, but still need the element to resemble a link, use a button and change it with appropriate styles. Learn more: https://github.com/jsx-eslint/eslint-plugin-jsx-a11y/blob/HEAD/docs/rules/anchor-is-valid.md  jsx-a11y/anchor-is-valid
ERR! 
ERR! src\components\Banners\logoBanner.tsx
ERR!   Line 10:111:  The href attribute requires a valid value to be accessible. Provide a valid, navigable address as the href value. If you cannot provide a valid href, but still need the element to resemble a link, use a button and change it with appropriate styles. Learn more: https://github.com/jsx-eslint/eslint-plugin-jsx-a11y/blob/HEAD/docs/rules/anchor-is-valid.md  jsx-a11y/anchor-is-valid
ERR! 
ERR! src\components\Buttons\SocialsLinks.tsx
ERR!   Line 8:13:  The href attribute requires a valid value to be accessible. Provide a valid, navigable address as the href value. If you cannot provide a valid href, but still need the element to resemble a link, use a button and change it with appropriate styles. Learn more: https://github.com/jsx-eslint/eslint-plugin-jsx-a11y/blob/HEAD/docs/rules/anchor-is-valid.md  jsx-a11y/anchor-is-valid
ERR!   Line 9:13:  The href attribute requires a valid value to be accessible. Provide a valid, navigable address as the href value. If you cannot provide a valid href, but still need the element to resemble a link, use a button and change it with appropriate styles. Learn more: https://github.com/jsx-eslint/eslint-plugin-jsx-a11y/blob/HEAD/docs/rules/anchor-is-valid.md  jsx-a11y/anchor-is-valid
ERR! 
ERR! src\components\CatalogItem\CatlogItemHorizontal.tsx
ERR!   Line 68:21:   The href attribute is required for an anchor to be keyboard accessible. Provide a valid, navigable address as the href value. If you cannot provide an href, but still need the element to resemble a link, use a button and change it with appropriate styles. Learn more: https://github.com/jsx-eslint/eslint-plugin-jsx-a11y/blob/HEAD/docs/rules/anchor-is-valid.md  jsx-a11y/anchor-is-valid
ERR!   Line 115:21:  The href attribute is required for an anchor to be keyboard accessible. Provide a valid, navigable address as the href value. If you cannot provide an href, but still need the element to resemble a link, use a button and change it with appropriate styles. Learn more: https://github.com/jsx-eslint/eslint-plugin-jsx-a11y/blob/HEAD/docs/rules/anchor-is-valid.md  jsx-a11y/anchor-is-valid
ERR! 
ERR! src\components\CatalogItem\ProductItem.tsx
ERR!   Line 1:17:    'useEffect' is defined but never used                                                                                                                                                                                                                                                                                                                              @typescript-eslint/no-unused-vars
ERR!   Line 60:13:   Elements with ARIA roles must use a valid, non-abstract ARIA role                                                                                                                                                                                                                                                                                                  jsx-a11y/aria-role
ERR!   Line 102:21:  The href attribute requires a valid value to be accessible. Provide a valid, navigable address as the href value. If you cannot provide a valid href, but still need the element to resemble a link, use a button and change it with appropriate styles. Learn more: https://github.com/jsx-eslint/eslint-plugin-jsx-a11y/blob/HEAD/docs/rules/anchor-is-valid.md  jsx-a11y/anchor-is-valid
ERR!   Line 105:59:  Elements with ARIA roles must use a valid, non-abstract ARIA role                                                                                                                                                                                                                                                                                                  jsx-a11y/aria-role
ERR!   Line 106:62:  Elements with ARIA roles must use a valid, non-abstract ARIA role                                                                                                                                                                                                                                                                                                  jsx-a11y/aria-role
ERR! 
ERR! src\components\CatalogSections\NewProductsSection.tsx
ERR!   Line 17:12:  'canScrollLeft' is assigned a value but never used                                                                                                                                                                                                                                                                                                                 @typescript-eslint/no-unused-vars
ERR!   Line 18:12:  'canScrollRight' is assigned a value but never used                                                                                                                                                                                                                                                                                                                @typescript-eslint/no-unused-vars
ERR!   Line 80:21:  The href attribute requires a valid value to be accessible. Provide a valid, navigable address as the href value. If you cannot provide a valid href, but still need the element to resemble a link, use a button and change it with appropriate styles. Learn more: https://github.com/jsx-eslint/eslint-plugin-jsx-a11y/blob/HEAD/docs/rules/anchor-is-valid.md  jsx-a11y/anchor-is-valid
ERR! 
ERR! src\components\CatalogSections\SubCategories.tsx
ERR!   Line 18:17:  The href attribute requires a valid value to be accessible. Provide a valid, navigable address as the href value. If you cannot provide a valid href, but still need the element to resemble a link, use a button and change it with appropriate styles. Learn more: https://github.com/jsx-eslint/eslint-plugin-jsx-a11y/blob/HEAD/docs/rules/anchor-is-valid.md  jsx-a11y/anchor-is-valid
ERR! 
ERR! src\components\CompaniesSection\CompaniesSection.tsx
ERR!   Line 24:21:  The href attribute requires a valid value to be accessible. Provide a valid, navigable address as the href value. If you cannot provide a valid href, but still need the element to resemble a link, use a button and change it with appropriate styles. Learn more: https://github.com/jsx-eslint/eslint-plugin-jsx-a11y/blob/HEAD/docs/rules/anchor-is-valid.md  jsx-a11y/anchor-is-valid
ERR!   Line 27:21:  The href attribute requires a valid value to be accessible. Provide a valid, navigable address as the href value. If you cannot provide a valid href, but still need the element to resemble a link, use a button and change it with appropriate styles. Learn more: https://github.com/jsx-eslint/eslint-plugin-jsx-a11y/blob/HEAD/docs/rules/anchor-is-valid.md  jsx-a11y/anchor-is-valid
ERR!   Line 30:21:  The href attribute requires a valid value to be accessible. Provide a valid, navigable address as the href value. If you cannot provide a valid href, but still need the element to resemble a link, use a button and change it with appropriate styles. Learn more: https://github.com/jsx-eslint/eslint-plugin-jsx-a11y/blob/HEAD/docs/rules/anchor-is-valid.md  jsx-a11y/anchor-is-valid
ERR!   Line 33:21:  The href attribute requires a valid value to be accessible. Provide a valid, navigable address as the href value. If you cannot provide a valid href, but still need the element to resemble a link, use a button and change it with appropriate styles. Learn more: https://github.com/jsx-eslint/eslint-plugin-jsx-a11y/blob/HEAD/docs/rules/anchor-is-valid.md  jsx-a11y/anchor-is-valid
ERR!   Line 36:21:  The href attribute requires a valid value to be accessible. Provide a valid, navigable address as the href value. If you cannot provide a valid href, but still need the element to resemble a link, use a button and change it with appropriate styles. Learn more: https://github.com/jsx-eslint/eslint-plugin-jsx-a11y/blob/HEAD/docs/rules/anchor-is-valid.md  jsx-a11y/anchor-is-valid
ERR!   Line 39:21:  The href attribute requires a valid value to be accessible. Provide a valid, navigable address as the href value. If you cannot provide a valid href, but still need the element to resemble a link, use a button and change it with appropriate styles. Learn more: https://github.com/jsx-eslint/eslint-plugin-jsx-a11y/blob/HEAD/docs/rules/anchor-is-valid.md  jsx-a11y/anchor-is-valid
ERR!   Line 42:21:  The href attribute requires a valid value to be accessible. Provide a valid, navigable address as the href value. If you cannot provide a valid href, but still need the element to resemble a link, use a button and change it with appropriate styles. Learn more: https://github.com/jsx-eslint/eslint-plugin-jsx-a11y/blob/HEAD/docs/rules/anchor-is-valid.md  jsx-a11y/anchor-is-valid
ERR! 
ERR! src\components\Footer\FooterCards.tsx
ERR!   Line 12:13:  The href attribute requires a valid value to be accessible. Provide a valid, navigable address as the href value. If you cannot provide a valid href, but still need the element to resemble a link, use a button and change it with appropriate styles. Learn more: https://github.com/jsx-eslint/eslint-plugin-jsx-a11y/blob/HEAD/docs/rules/anchor-is-valid.md  jsx-a11y/anchor-is-valid
ERR!   Line 13:13:  The href attribute requires a valid value to be accessible. Provide a valid, navigable address as the href value. If you cannot provide a valid href, but still need the element to resemble a link, use a button and change it with appropriate styles. Learn more: https://github.com/jsx-eslint/eslint-plugin-jsx-a11y/blob/HEAD/docs/rules/anchor-is-valid.md  jsx-a11y/anchor-is-valid
ERR!   Line 14:13:  The href attribute requires a valid value to be accessible. Provide a valid, navigable address as the href value. If you cannot provide a valid href, but still need the element to resemble a link, use a button and change it with appropriate styles. Learn more: https://github.com/jsx-eslint/eslint-plugin-jsx-a11y/blob/HEAD/docs/rules/anchor-is-valid.md  jsx-a11y/anchor-is-valid
ERR!   Line 15:13:  The href attribute requires a valid value to be accessible. Provide a valid, navigable address as the href value. If you cannot provide a valid href, but still need the element to resemble a link, use a button and change it with appropriate styles. Learn more: https://github.com/jsx-eslint/eslint-plugin-jsx-a11y/blob/HEAD/docs/rules/anchor-is-valid.md  jsx-a11y/anchor-is-valid
ERR!   Line 16:13:  The href attribute requires a valid value to be accessible. Provide a valid, navigable address as the href value. If you cannot provide a valid href, but still need the element to resemble a link, use a button and change it with appropriate styles. Learn more: https://github.com/jsx-eslint/eslint-plugin-jsx-a11y/blob/HEAD/docs/rules/anchor-is-valid.md  jsx-a11y/anchor-is-valid
ERR! 
ERR! src\components\Footer\FooterMenu.tsx
ERR!   Line 51:33:  The href attribute requires a valid value to be accessible. Provide a valid, navigable address as the href value. If you cannot provide a valid href, but still need the element to resemble a link, use a button and change it with appropriate styles. Learn more: https://github.com/jsx-eslint/eslint-plugin-jsx-a11y/blob/HEAD/docs/rules/anchor-is-valid.md  jsx-a11y/anchor-is-valid
ERR!   Line 52:33:  The href attribute requires a valid value to be accessible. Provide a valid, navigable address as the href value. If you cannot provide a valid href, but still need the element to resemble a link, use a button and change it with appropriate styles. Learn more: https://github.com/jsx-eslint/eslint-plugin-jsx-a11y/blob/HEAD/docs/rules/anchor-is-valid.md  jsx-a11y/anchor-is-valid
ERR!   Line 53:33:  The href attribute requires a valid value to be accessible. Provide a valid, navigable address as the href value. If you cannot provide a valid href, but still need the element to resemble a link, use a button and change it with appropriate styles. Learn more: https://github.com/jsx-eslint/eslint-plugin-jsx-a11y/blob/HEAD/docs/rules/anchor-is-valid.md  jsx-a11y/anchor-is-valid
ERR!   Line 54:33:  The href attribute requires a valid value to be accessible. Provide a valid, navigable address as the href value. If you cannot provide a valid href, but still need the element to resemble a link, use a button and change it with appropriate styles. Learn more: https://github.com/jsx-eslint/eslint-plugin-jsx-a11y/blob/HEAD/docs/rules/anchor-is-valid.md  jsx-a11y/anchor-is-valid
ERR!   Line 55:33:  The href attribute requires a valid value to be accessible. Provide a valid, navigable address as the href value. If you cannot provide a valid href, but still need the element to resemble a link, use a button and change it with appropriate styles. Learn more: https://github.com/jsx-eslint/eslint-plugin-jsx-a11y/blob/HEAD/docs/rules/anchor-is-valid.md  jsx-a11y/anchor-is-valid
ERR!   Line 56:33:  The href attribute requires a valid value to be accessible. Provide a valid, navigable address as the href value. If you cannot provide a valid href, but still need the element to resemble a link, use a button and change it with appropriate styles. Learn more: https://github.com/jsx-eslint/eslint-plugin-jsx-a11y/blob/HEAD/docs/rules/anchor-is-valid.md  jsx-a11y/anchor-is-valid
ERR!   Line 57:33:  The href attribute requires a valid value to be accessible. Provide a valid, navigable address as the href value. If you cannot provide a valid href, but still need the element to resemble a link, use a button and change it with appropriate styles. Learn more: https://github.com/jsx-eslint/eslint-plugin-jsx-a11y/blob/HEAD/docs/rules/anchor-is-valid.md  jsx-a11y/anchor-is-valid
ERR!   Line 58:33:  The href attribute requires a valid value to be accessible. Provide a valid, navigable address as the href value. If you cannot provide a valid href, but still need the element to resemble a link, use a button and change it with appropriate styles. Learn more: https://github.com/jsx-eslint/eslint-plugin-jsx-a11y/blob/HEAD/docs/rules/anchor-is-valid.md  jsx-a11y/anchor-is-valid
ERR!   Line 59:33:  The href attribute requires a valid value to be accessible. Provide a valid, navigable address as the href value. If you cannot provide a valid href, but still need the element to resemble a link, use a button and change it with appropriate styles. Learn more: https://github.com/jsx-eslint/eslint-plugin-jsx-a11y/blob/HEAD/docs/rules/anchor-is-valid.md  jsx-a11y/anchor-is-valid
ERR! 
ERR! src\components\Header\HeaderTime.tsx
ERR!   Line 44:13:  The href attribute requires a valid value to be accessible. Provide a valid, navigable address as the href value. If you cannot provide a valid href, but still need the element to resemble a link, use a button and change it with appropriate styles. Learn more: https://github.com/jsx-eslint/eslint-plugin-jsx-a11y/blob/HEAD/docs/rules/anchor-is-valid.md  jsx-a11y/anchor-is-valid
ERR! 
ERR! src\components\HoverMenu\HoverMenu.tsx
ERR!   Line 40:47:  Elements with ARIA roles must use a valid, non-abstract ARIA role  jsx-a11y/aria-role
ERR! 
ERR! src\components\MobileMenu\MobileMenuItem.tsx
ERR!   Line 53:17:  The href attribute requires a valid value to be accessible. Provide a valid, navigable address as the href value. If you cannot provide a valid href, but still need the element to resemble a link, use a button and change it with appropriate styles. Learn more: https://github.com/jsx-eslint/eslint-plugin-jsx-a11y/blob/HEAD/docs/rules/anchor-is-valid.md  jsx-a11y/anchor-is-valid
ERR!   Line 66:25:  The href attribute requires a valid value to be accessible. Provide a valid, navigable address as the href value. If you cannot provide a valid href, but still need the element to resemble a link, use a button and change it with appropriate styles. Learn more: https://github.com/jsx-eslint/eslint-plugin-jsx-a11y/blob/HEAD/docs/rules/anchor-is-valid.md  jsx-a11y/anchor-is-valid
ERR! 
ERR! src\components\TopMenuBasket\SmallBasketItem.tsx
ERR!   Line 17:36:  Elements with ARIA roles must use a valid, non-abstract ARIA role  jsx-a11y/aria-role
ERR!   Line 18:25:  Elements with ARIA roles must use a valid, non-abstract ARIA role  jsx-a11y/aria-role
ERR! 
ERR! src\components\TopMenuBasket\TopMenuBasket.tsx
ERR!   Line 84:64:   Unexpected use of comma operator                                   no-sequences
ERR!   Line 126:68:  Elements with ARIA roles must use a valid, non-abstract ARIA role  jsx-a11y/aria-role
ERR! 
ERR! src\stories\Footer\FooterMenuItem.stories.tsx
ERR!   Line 51:17:  The href attribute requires a valid value to be accessible. Provide a valid, navigable address as the href value. If you cannot provide a valid href, but still need the element to resemble a link, use a button and change it with appropriate styles. Learn more: https://github.com/jsx-eslint/eslint-plugin-jsx-a11y/blob/HEAD/docs/rules/anchor-is-valid.md  jsx-a11y/anchor-is-valid
ERR!   Line 52:17:  The href attribute requires a valid value to be accessible. Provide a valid, navigable address as the href value. If you cannot provide a valid href, but still need the element to resemble a link, use a button and change it with appropriate styles. Learn more: https://github.com/jsx-eslint/eslint-plugin-jsx-a11y/blob/HEAD/docs/rules/anchor-is-valid.md  jsx-a11y/anchor-is-valid
ERR!   Line 53:17:  The href attribute requires a valid value to be accessible. Provide a valid, navigable address as the href value. If you cannot provide a valid href, but still need the element to resemble a link, use a button and change it with appropriate styles. Learn more: https://github.com/jsx-eslint/eslint-plugin-jsx-a11y/blob/HEAD/docs/rules/anchor-is-valid.md  jsx-a11y/anchor-is-valid
ERR!   Line 54:17:  The href attribute requires a valid value to be accessible. Provide a valid, navigable address as the href value. If you cannot provide a valid href, but still need the element to resemble a link, use a button and change it with appropriate styles. Learn more: https://github.com/jsx-eslint/eslint-plugin-jsx-a11y/blob/HEAD/docs/rules/anchor-is-valid.md  jsx-a11y/anchor-is-valid
ERR!   Line 55:17:  The href attribute requires a valid value to be accessible. Provide a valid, navigable address as the href value. If you cannot provide a valid href, but still need the element to resemble a link, use a button and change it with appropriate styles. Learn more: https://github.com/jsx-eslint/eslint-plugin-jsx-a11y/blob/HEAD/docs/rules/anchor-is-valid.md  jsx-a11y/anchor-is-valid
ERR!   Line 56:17:  The href attribute requires a valid value to be accessible. Provide a valid, navigable address as the href value. If you cannot provide a valid href, but still need the element to resemble a link, use a button and change it with appropriate styles. Learn more: https://github.com/jsx-eslint/eslint-plugin-jsx-a11y/blob/HEAD/docs/rules/anchor-is-valid.md  jsx-a11y/anchor-is-valid
ERR!   Line 57:17:  The href attribute requires a valid value to be accessible. Provide a valid, navigable address as the href value. If you cannot provide a valid href, but still need the element to resemble a link, use a button and change it with appropriate styles. Learn more: https://github.com/jsx-eslint/eslint-plugin-jsx-a11y/blob/HEAD/docs/rules/anchor-is-valid.md  jsx-a11y/anchor-is-valid
ERR!   Line 58:17:  The href attribute requires a valid value to be accessible. Provide a valid, navigable address as the href value. If you cannot provide a valid href, but still need the element to resemble a link, use a button and change it with appropriate styles. Learn more: https://github.com/jsx-eslint/eslint-plugin-jsx-a11y/blob/HEAD/docs/rules/anchor-is-valid.md  jsx-a11y/anchor-is-valid
ERR!   Line 59:17:  The href attribute requires a valid value to be accessible. Provide a valid, navigable address as the href value. If you cannot provide a valid href, but still need the element to resemble a link, use a button and change it with appropriate styles. Learn more: https://github.com/jsx-eslint/eslint-plugin-jsx-a11y/blob/HEAD/docs/rules/anchor-is-valid.md  jsx-a11y/anchor-is-valid
ERR! 
ERR! 
<s> [webpack.Progress] 99% cache shutdown
<s> [webpack.Progress] 99% cache shutdown
<s> [webpack.Progress] 100% 

ERR! Error: => Webpack failed, learn more with --debug-webpack
ERR!     at C:\Users\SJS\Desktop\test-online-store\tech-online-store\node_modules\@storybook\builder-webpack5\dist\cjs\index.js:200:62
ERR!     at C:\Users\SJS\Desktop\test-online-store\tech-online-store\node_modules\webpack\lib\HookWebpackError.js:68:3
ERR!     at Hook.eval [as callAsync] (eval at create (C:\Users\SJS\Desktop\test-online-store\tech-online-store\node_modules\webpack\node_modules\tapable\lib\HookCodeFactory.js:33:10), <anonymous>:11:1)
ERR!     at Hook.CALL_ASYNC_DELEGATE [as _callAsync] (C:\Users\SJS\Desktop\test-online-store\tech-online-store\node_modules\webpack\node_modules\tapable\lib\Hook.js:18:14)
ERR!     at Cache.shutdown (C:\Users\SJS\Desktop\test-online-store\tech-online-store\node_modules\webpack\lib\Cache.js:150:23)
ERR!     at C:\Users\SJS\Desktop\test-online-store\tech-online-store\node_modules\webpack\lib\Compiler.js:1225:15
ERR!     at Hook.eval [as callAsync] (eval at create (C:\Users\SJS\Desktop\test-online-store\tech-online-store\node_modules\webpack\node_modules\tapable\lib\HookCodeFactory.js:33:10), <anonymous>:6:1)
ERR!     at Hook.CALL_ASYNC_DELEGATE [as _callAsync] (C:\Users\SJS\Desktop\test-online-store\tech-online-store\node_modules\webpack\node_modules\tapable\lib\Hook.js:18:14)
ERR!     at Compiler.close (C:\Users\SJS\Desktop\test-online-store\tech-online-store\node_modules\webpack\lib\Compiler.js:1218:23)
ERR!     at C:\Users\SJS\Desktop\test-online-store\tech-online-store\node_modules\@storybook\builder-webpack5\dist\cjs\index.js:199:20
ERR!     at finalCallback (C:\Users\SJS\Desktop\test-online-store\tech-online-store\node_modules\webpack\lib\Compiler.js:441:32)
ERR!     at C:\Users\SJS\Desktop\test-online-store\tech-online-store\node_modules\webpack\lib\Compiler.js:458:13
ERR!     at Hook.eval [as callAsync] (eval at create (C:\Users\SJS\Desktop\test-online-store\tech-online-store\node_modules\webpack\node_modules\tapable\lib\HookCodeFactory.js:33:10), <anonymous>:35:1)
ERR!     at Hook.CALL_ASYNC_DELEGATE [as _callAsync] (C:\Users\SJS\Desktop\test-online-store\tech-online-store\node_modules\webpack\node_modules\tapable\lib\Hook.js:18:14)
ERR!     at onCompiled (C:\Users\SJS\Desktop\test-online-store\tech-online-store\node_modules\webpack\lib\Compiler.js:456:21)
ERR!     at C:\Users\SJS\Desktop\test-online-store\tech-online-store\node_modules\webpack\lib\Compiler.js:1196:17
ERR!  Error: => Webpack failed, learn more with --debug-webpack
ERR!     at C:\Users\SJS\Desktop\test-online-store\tech-online-store\node_modules\@storybook\builder-webpack5\dist\cjs\index.js:200:62
ERR!     at C:\Users\SJS\Desktop\test-online-store\tech-online-store\node_modules\webpack\lib\HookWebpackError.js:68:3
ERR!     at Hook.eval [as callAsync] (eval at create (C:\Users\SJS\Desktop\test-online-store\tech-online-store\node_modules\webpack\node_modules\tapable\lib\HookCodeFactory.js:33:10), <anonymous>:11:1)
ERR!     at Hook.CALL_ASYNC_DELEGATE [as _callAsync] (C:\Users\SJS\Desktop\test-online-store\tech-online-store\node_modules\webpack\node_modules\tapable\lib\Hook.js:18:14)
ERR!     at Cache.shutdown (C:\Users\SJS\Desktop\test-online-store\tech-online-store\node_modules\webpack\lib\Cache.js:150:23)
ERR!     at C:\Users\SJS\Desktop\test-online-store\tech-online-store\node_modules\webpack\lib\Compiler.js:1225:15
ERR!     at Hook.eval [as callAsync] (eval at create (C:\Users\SJS\Desktop\test-online-store\tech-online-store\node_modules\webpack\node_modules\tapable\lib\HookCodeFactory.js:33:10), <anonymous>:6:1)
ERR!     at Hook.CALL_ASYNC_DELEGATE [as _callAsync] (C:\Users\SJS\Desktop\test-online-store\tech-online-store\node_modules\webpack\node_modules\tapable\lib\Hook.js:18:14)
ERR!     at Compiler.close (C:\Users\SJS\Desktop\test-online-store\tech-online-store\node_modules\webpack\lib\Compiler.js:1218:23)
ERR!     at C:\Users\SJS\Desktop\test-online-store\tech-online-store\node_modules\@storybook\builder-webpack5\dist\cjs\index.js:199:20
ERR!     at finalCallback (C:\Users\SJS\Desktop\test-online-store\tech-online-store\node_modules\webpack\lib\Compiler.js:441:32)
ERR!     at C:\Users\SJS\Desktop\test-online-store\tech-online-store\node_modules\webpack\lib\Compiler.js:458:13
ERR!     at Hook.eval [as callAsync] (eval at create (C:\Users\SJS\Desktop\test-online-store\tech-online-store\node_modules\webpack\node_modules\tapable\lib\HookCodeFactory.js:33:10), <anonymous>:35:1)
ERR!     at Hook.CALL_ASYNC_DELEGATE [as _callAsync] (C:\Users\SJS\Desktop\test-online-store\tech-online-store\node_modules\webpack\node_modules\tapable\lib\Hook.js:18:14)
ERR!     at onCompiled (C:\Users\SJS\Desktop\test-online-store\tech-online-store\node_modules\webpack\lib\Compiler.js:456:21)
ERR!     at C:\Users\SJS\Desktop\test-online-store\tech-online-store\node_modules\webpack\lib\Compiler.js:1196:17
